<?xml version="1.0" encoding="utf-8"?><testsuites name="pytest tests"><testsuite name="pytest" errors="0" failures="0" skipped="0" tests="10" time="46.407" timestamp="2026-03-08T11:16:51.925658+00:00" hostname="agent-env-c8894e09-f62b-427d-8ebc-ee24e849f67d"><testcase classname="backend.tests.test_api_mode_feature.TestAuthAndHealth" name="test_health_endpoint" time="0.217" /><testcase classname="backend.tests.test_api_mode_feature.TestAuthAndHealth" name="test_login_success" time="0.404" /><testcase classname="backend.tests.test_api_mode_feature.TestDeviceApiMode" name="test_list_devices" time="0.464" /><testcase classname="backend.tests.test_api_mode_feature.TestDeviceApiMode" name="test_create_device_with_rest_api_mode" time="0.373" /><testcase classname="backend.tests.test_api_mode_feature.TestDeviceApiMode" name="test_create_device_with_api_protocol_mode" time="0.327" /><testcase classname="backend.tests.test_api_mode_feature.TestDeviceApiMode" name="test_update_device_api_mode" time="0.342" /><testcase classname="backend.tests.test_api_mode_feature.TestDeviceApiMode" name="test_default_api_mode" time="0.219" /><testcase classname="backend.tests.test_api_mode_feature.TestDeviceApiTest" name="test_test_api_endpoint_exists" time="1.010" /><testcase classname="backend.tests.test_api_mode_feature.TestDeviceApiTest" name="test_test_new_device_endpoint" time="42.457" /><testcase classname="backend.tests.test_api_mode_feature.TestExistingDevice" name="test_existing_device_has_api_mode" time="0.511" /></testsuite></testsuites>